[INFO] 08-06-2023 00:55:30 [main] LogHelpers - Start testing Default test
[INFO] 08-06-2023 00:55:30 [main] LogHelpers - TestSuite_Register test is starting...
[INFO] 08-06-2023 00:55:54 [main] LogHelpers - R-02 Testcase pass
[INFO] 08-06-2023 00:56:46 [main] LogHelpers - R-07 Testcase pass
[INFO] 08-06-2023 00:58:19 [main] LogHelpers - R-11 Testcase pass
[INFO] 08-06-2023 00:58:40 [main] LogHelpers - R-12 Testcase pass
[INFO] 08-06-2023 00:59:00 [main] LogHelpers - R-13 Testcase pass
[INFO] 08-06-2023 00:59:19 [main] LogHelpers - R-14 Testcase pass
[INFO] 08-06-2023 00:59:39 [main] LogHelpers - R-15 Testcase pass
[INFO] 08-06-2023 00:59:58 [main] LogHelpers - R-16 Testcase pass
[INFO] 08-06-2023 01:00:19 [main] LogHelpers - R-17 Testcase pass
[INFO] 08-06-2023 01:00:37 [main] LogHelpers - R-18 Testcase pass
[INFO] 08-06-2023 01:00:57 [main] LogHelpers - R-19 Testcase pass
[INFO] 08-06-2023 01:01:18 [main] LogHelpers - R-20 Testcase pass
[INFO] 08-06-2023 01:01:36 [main] LogHelpers - R-21 Testcase pass
[INFO] 08-06-2023 01:01:56 [main] LogHelpers - R-24 Testcase pass
[INFO] 08-06-2023 01:02:16 [main] LogHelpers - R-30 Testcase pass
[INFO] 08-06-2023 01:02:36 [main] LogHelpers - R-31 Testcase pass
[INFO] 08-06-2023 01:02:56 [main] LogHelpers - R-36 Testcase pass
[INFO] 08-06-2023 01:03:17 [main] LogHelpers - R-37 Testcase pass
[INFO] 08-06-2023 01:04:07 [main] LogHelpers - R-39 Testcase pass
[INFO] 08-06-2023 01:04:26 [main] LogHelpers - R-40 Testcase pass
[INFO] 08-06-2023 01:04:27 [main] LogHelpers - TestSuite_Register test is passed.
[INFO] 08-06-2023 01:04:27 [main] LogHelpers - End testing Default test
