[INFO] 08-06-2023 01:57:42 [main] LogHelpers - Start testing Default test
[INFO] 08-06-2023 01:57:42 [main] LogHelpers - TestSuite_Register test is starting...
[INFO] 08-06-2023 01:58:05 [main] LogHelpers - R-02 Testcase pass
[INFO] 08-06-2023 01:58:57 [main] LogHelpers - R-07 Testcase pass
[INFO] 08-06-2023 01:59:47 [main] LogHelpers - R-11 Testcase pass
[INFO] 08-06-2023 02:00:39 [main] LogHelpers - R-12 Testcase pass
[INFO] 08-06-2023 02:01:28 [main] LogHelpers - R-13 Testcase pass
[INFO] 08-06-2023 02:02:18 [main] LogHelpers - R-14 Testcase pass
[INFO] 08-06-2023 02:03:08 [main] LogHelpers - R-15 Testcase pass
[INFO] 08-06-2023 02:03:57 [main] LogHelpers - R-16 Testcase pass
[INFO] 08-06-2023 02:04:48 [main] LogHelpers - R-17 Testcase pass
[INFO] 08-06-2023 02:05:38 [main] LogHelpers - R-18 Testcase pass
[INFO] 08-06-2023 02:06:28 [main] LogHelpers - R-19 Testcase pass
[INFO] 08-06-2023 02:07:18 [main] LogHelpers - R-20 Testcase pass
[INFO] 08-06-2023 02:08:07 [main] LogHelpers - R-21 Testcase pass
[INFO] 08-06-2023 02:08:58 [main] LogHelpers - R-24 Testcase pass
[INFO] 08-06-2023 02:09:19 [main] LogHelpers - R-30 Testcase pass
[INFO] 08-06-2023 02:10:08 [main] LogHelpers - R-31 Testcase pass
[INFO] 08-06-2023 02:10:28 [main] LogHelpers - R-36 Testcase pass
[INFO] 08-06-2023 02:10:48 [main] LogHelpers - R-37 Testcase pass
[INFO] 08-06-2023 02:11:48 [main] LogHelpers - R-39 Testcase pass
[INFO] 08-06-2023 02:12:08 [main] LogHelpers - R-40 Testcase pass
[INFO] 08-06-2023 02:12:09 [main] LogHelpers - TestSuite_Register test is passed.
[INFO] 08-06-2023 02:12:09 [main] LogHelpers - End testing Default test
